Arguments: 
  C:\Program Files\nodejs\node.exe C:\Program Files (x86)\Yarn\bin\yarn.js

PATH: 
  C:\ProgramData\Oracle\Java\javapath;C:\Windows\system32;C:\Windows;C:\Windows\System32\Wbem;C:\Windows\System32\WindowsPowerShell\v1.0\;C:\Program Files (x86)\NVIDIA Corporation\PhysX\Common;C:\Program Files\Intel\WiFi\bin\;C:\Program Files\Common Files\Intel\WirelessCommon\;C:\Program Files (x86)\Skype\Phone\;C:\WINDOWS\system32;C:\WINDOWS;C:\WINDOWS\System32\Wbem;C:\WINDOWS\System32\WindowsPowerShell\v1.0\;C:\Program Files (x86)\GtkSharp\2.12\bin;E:\Latex\miktex\bin\x64\;C:\Program Files\PuTTY\;C:\WINDOWS\System32\OpenSSH\;C:\Program Files\TortoiseSVN\bin;C:\cygwin64\bin;C:\Program Files\Git\cmd;C:\Program Files (x86)\Bitvise SSH Client;C:\Program Files\NVIDIA Corporation\NVIDIA NvDLISR;C:\WINDOWS\system32;C:\WINDOWS;C:\WINDOWS\System32\Wbem;C:\WINDOWS\System32\WindowsPowerShell\v1.0\;C:\WINDOWS\System32\OpenSSH\;C:\Program Files\nodejs\;C:\Program Files (x86)\Yarn\bin\;C:\Users\sibgh\AppData\Local\Programs\Python\Python37-32\Scripts\;C:\Users\sibgh\AppData\Local\Programs\Python\Python37-32\;C:\Users\sibgh\AppData\Local\Microsoft\WindowsApps;C:\ProgramData\sibgh\atom\bin;C:\Users\sibgh\AppData\Local\atom\bin;C:\Users\sibgh\AppData\Local\Programs\Microsoft VS Code\bin;C:\Users\sibgh\AppData\Local\Microsoft\WindowsApps;C:\Users\sibgh\AppData\Roaming\npm;C:\Users\sibgh\AppData\Local\Yarn\bin

Yarn version: 
  1.16.0

Node version: 
  12.3.1

Platform: 
  win32 x64

Trace: 
  SyntaxError: C:\Users\sibgh\Desktop\engHacks\FoodSnap\package.json: Unexpected token < in JSON at position 262
      at JSON.parse (<anonymous>)
      at C:\Program Files (x86)\Yarn\lib\cli.js:1625:59
      at Generator.next (<anonymous>)
      at step (C:\Program Files (x86)\Yarn\lib\cli.js:304:30)
      at C:\Program Files (x86)\Yarn\lib\cli.js:315:13

npm manifest: 
  {
    "main": "node_modules/expo/AppEntry.js",
    "scripts": {
      "start": "expo start",
      "android": "expo start --android",
      "ios": "expo start --ios",
      "web": "expo start --web",
      "eject": "expo eject"
    },
    "dependencies": {
      "expo": "^33.0.0",
  <<<<<<< HEAD
      "firebase": "^6.2.2",
      "metro": "^0.54.1",
  =======
      "expo-image-picker": "^5.0.2",
      "expo-permissions": "^5.0.1",
      "firebase": "^6.2.2",
  >>>>>>> master
      "react": "16.8.3",
      "react-dom": "^16.8.6",
      "react-native": "https://github.com/expo/react-native/archive/sdk-33.0.0.tar.gz",
      "react-native-firebase": "^5.5.3",
      "react-native-paper": "^2.16.0",
      "react-native-web": "^0.11.4",
      "react-navigation": "^3.11.0"
    },
    "devDependencies": {
      "babel-preset-expo": "^5.1.1"
    },
    "private": true
  }

yarn manifest: 
  No manifest

Lockfile: 
  No lockfile
